2025-01-15 12:36:16,837 - config - INFO - Settings: {'PROJECT_NAME': 'TEST', 'DEBUG': True, 'BASE_DIR': WindowsPath('C:/py.projects/OpenVerse/_Tools/tools_openverse'), 'DATABASE_DRIVER': 'sqlite+aiosqlite', 'DATABASE_NAME': 'db.sqlite3', 'DATABASE_POOL_SIZE': 5, 'DATABASE_MAX_OVERFLOW': 10, 'REDIS_HOST': 'redis', 'REDIS_PORT': 6379, 'REDIS_DB': 0, 'JWT_ALGORITHM': 'HS256', 'ALL_SERVICES': ['USERS, AUTHETICATION, TEST'], 'OTHER_SERVICES': 'USERS, AUTHETICATION', 'BASE_URL': '"http://localhost', 'PORT_SERVICE': '8000', 'SESSION_TTL': 3600}
2025-01-15 12:36:16,838 - config - INFO - PROJECT_NAME: TEST
2025-01-15 12:36:16,838 - config - INFO - DEBUG: True
2025-01-15 12:36:16,838 - config - INFO - BASE_DIR: C:\py.projects\OpenVerse\_Tools\tools_openverse
2025-01-15 12:36:16,838 - config - INFO - DATABASE_DRIVER: sqlite+aiosqlite
2025-01-15 12:36:16,838 - config - INFO - DATABASE_NAME: db.sqlite3
2025-01-15 12:36:16,838 - config - INFO - DATABASE_POOL_SIZE: 5
2025-01-15 12:36:16,838 - config - INFO - DATABASE_MAX_OVERFLOW: 10
2025-01-15 12:36:16,838 - config - INFO - REDIS_HOST: redis
2025-01-15 12:36:16,840 - config - INFO - REDIS_PORT: 6379
2025-01-15 12:36:16,840 - config - INFO - REDIS_DB: 0
2025-01-15 12:36:16,840 - config - INFO - JWT_ALGORITHM: HS256
2025-01-15 12:36:16,840 - config - INFO - ALL_SERVICES: ['USERS, AUTHETICATION, TEST']
2025-01-15 12:36:16,841 - config - INFO - OTHER_SERVICES: USERS, AUTHETICATION
2025-01-15 12:36:16,841 - config - INFO - BASE_URL: "http://localhost
2025-01-15 12:36:16,841 - config - INFO - PORT_SERVICE: 8000
2025-01-15 12:36:16,841 - config - INFO - SESSION_TTL: 3600
2025-01-15 12:44:09,082 - config - INFO - Settings: {'PROJECT_NAME': 'TEST', 'DEBUG': True, 'BASE_DIR': WindowsPath('C:/py.projects/OpenVerse/_Tools/tools_openverse'), 'DATABASE_DRIVER': 'sqlite+aiosqlite', 'DATABASE_NAME': 'db.sqlite3', 'DATABASE_POOL_SIZE': 5, 'DATABASE_MAX_OVERFLOW': 10, 'REDIS_HOST': 'redis', 'REDIS_PORT': 6379, 'REDIS_DB': 0, 'JWT_ALGORITHM': 'HS256', 'ALL_SERVICES': ['USERS, AUTHETICATION, TEST'], 'OTHER_SERVICES': 'USERS, AUTHETICATION', 'BASE_URL': '"http://localhost', 'PORT_SERVICE': '8000', 'SESSION_TTL': 3600}
2025-01-15 12:44:09,082 - config - INFO - PROJECT_NAME: TEST
2025-01-15 12:44:09,082 - config - INFO - DEBUG: True
2025-01-15 12:44:09,083 - config - INFO - BASE_DIR: C:\py.projects\OpenVerse\_Tools\tools_openverse
2025-01-15 12:44:09,083 - config - INFO - DATABASE_DRIVER: sqlite+aiosqlite
2025-01-15 12:44:09,083 - config - INFO - DATABASE_NAME: db.sqlite3
2025-01-15 12:44:09,083 - config - INFO - DATABASE_POOL_SIZE: 5
2025-01-15 12:44:09,083 - config - INFO - DATABASE_MAX_OVERFLOW: 10
2025-01-15 12:44:09,083 - config - INFO - REDIS_HOST: redis
2025-01-15 12:44:09,084 - config - INFO - REDIS_PORT: 6379
2025-01-15 12:44:09,084 - config - INFO - REDIS_DB: 0
2025-01-15 12:44:09,084 - config - INFO - JWT_ALGORITHM: HS256
2025-01-15 12:44:09,084 - config - INFO - ALL_SERVICES: ['USERS, AUTHETICATION, TEST']
2025-01-15 12:44:09,084 - config - INFO - OTHER_SERVICES: USERS, AUTHETICATION
2025-01-15 12:44:09,084 - config - INFO - BASE_URL: "http://localhost
2025-01-15 12:44:09,085 - config - INFO - PORT_SERVICE: 8000
2025-01-15 12:44:09,085 - config - INFO - SESSION_TTL: 3600
2025-01-15 12:49:48,669 - config - INFO - Settings: {'PROJECT_NAME': 'TEST', 'DEBUG': True, 'BASE_DIR': WindowsPath('C:/py.projects/OpenVerse/_Tools/tools_openverse'), 'DATABASE_DRIVER': 'sqlite+aiosqlite', 'DATABASE_NAME': 'db.sqlite3', 'DATABASE_POOL_SIZE': 5, 'DATABASE_MAX_OVERFLOW': 10, 'REDIS_HOST': 'redis', 'REDIS_PORT': 6379, 'REDIS_DB': 0, 'JWT_ALGORITHM': 'HS256', 'ALL_SERVICES': ['USERS, AUTHETICATION, TEST'], 'OTHER_SERVICES': 'USERS, AUTHETICATION', 'BASE_URL': '"http://localhost', 'PORT_SERVICE': '8000', 'SESSION_TTL': 3600}
2025-01-15 12:49:48,669 - config - INFO - PROJECT_NAME: TEST
2025-01-15 12:49:48,670 - config - INFO - DEBUG: True
2025-01-15 12:49:48,670 - config - INFO - BASE_DIR: C:\py.projects\OpenVerse\_Tools\tools_openverse
2025-01-15 12:49:48,670 - config - INFO - DATABASE_DRIVER: sqlite+aiosqlite
2025-01-15 12:49:48,670 - config - INFO - DATABASE_NAME: db.sqlite3
2025-01-15 12:49:48,671 - config - INFO - DATABASE_POOL_SIZE: 5
2025-01-15 12:49:48,671 - config - INFO - DATABASE_MAX_OVERFLOW: 10
2025-01-15 12:49:48,671 - config - INFO - REDIS_HOST: redis
2025-01-15 12:49:48,671 - config - INFO - REDIS_PORT: 6379
2025-01-15 12:49:48,671 - config - INFO - REDIS_DB: 0
2025-01-15 12:49:48,672 - config - INFO - JWT_ALGORITHM: HS256
2025-01-15 12:49:48,672 - config - INFO - ALL_SERVICES: ['USERS, AUTHETICATION, TEST']
2025-01-15 12:49:48,672 - config - INFO - OTHER_SERVICES: USERS, AUTHETICATION
2025-01-15 12:49:48,672 - config - INFO - BASE_URL: "http://localhost
2025-01-15 12:49:48,672 - config - INFO - PORT_SERVICE: 8000
2025-01-15 12:49:48,672 - config - INFO - SESSION_TTL: 3600
2025-01-15 12:50:08,997 - config - INFO - Settings: {'PROJECT_NAME': 'TEST', 'DEBUG': True, 'BASE_DIR': WindowsPath('C:/py.projects/OpenVerse/_Tools/tools_openverse'), 'DATABASE_DRIVER': 'sqlite+aiosqlite', 'DATABASE_NAME': 'db.sqlite3', 'DATABASE_POOL_SIZE': 5, 'DATABASE_MAX_OVERFLOW': 10, 'REDIS_HOST': 'redis', 'REDIS_PORT': 6379, 'REDIS_DB': 0, 'JWT_ALGORITHM': 'HS256', 'ALL_SERVICES': ['USERS, AUTHETICATION, TEST'], 'OTHER_SERVICES': 'USERS, AUTHETICATION', 'BASE_URL': '"http://localhost', 'PORT_SERVICE': '8000', 'SESSION_TTL': 3600}
2025-01-15 12:50:08,997 - config - INFO - PROJECT_NAME: TEST
2025-01-15 12:50:08,997 - config - INFO - DEBUG: True
2025-01-15 12:50:08,997 - config - INFO - BASE_DIR: C:\py.projects\OpenVerse\_Tools\tools_openverse
2025-01-15 12:50:08,997 - config - INFO - DATABASE_DRIVER: sqlite+aiosqlite
2025-01-15 12:50:08,998 - config - INFO - DATABASE_NAME: db.sqlite3
2025-01-15 12:50:08,998 - config - INFO - DATABASE_POOL_SIZE: 5
2025-01-15 12:50:08,998 - config - INFO - DATABASE_MAX_OVERFLOW: 10
2025-01-15 12:50:08,998 - config - INFO - REDIS_HOST: redis
2025-01-15 12:50:08,998 - config - INFO - REDIS_PORT: 6379
2025-01-15 12:50:08,998 - config - INFO - REDIS_DB: 0
2025-01-15 12:50:08,999 - config - INFO - JWT_ALGORITHM: HS256
2025-01-15 12:50:08,999 - config - INFO - ALL_SERVICES: ['USERS, AUTHETICATION, TEST']
2025-01-15 12:50:08,999 - config - INFO - OTHER_SERVICES: USERS, AUTHETICATION
2025-01-15 12:50:08,999 - config - INFO - BASE_URL: "http://localhost
2025-01-15 12:50:08,999 - config - INFO - PORT_SERVICE: 8000
2025-01-15 12:50:09,000 - config - INFO - SESSION_TTL: 3600
2025-01-15 12:51:01,515 - config - INFO - Settings: {'PROJECT_NAME': 'TEST', 'DEBUG': True, 'BASE_DIR': WindowsPath('C:/py.projects/OpenVerse/_Tools/tools_openverse'), 'DATABASE_DRIVER': 'sqlite+aiosqlite', 'DATABASE_NAME': 'db.sqlite3', 'DATABASE_POOL_SIZE': 5, 'DATABASE_MAX_OVERFLOW': 10, 'REDIS_HOST': 'redis', 'REDIS_PORT': 6379, 'REDIS_DB': 0, 'JWT_ALGORITHM': 'HS256', 'ALL_SERVICES': ['USERS, AUTHETICATION, TEST'], 'OTHER_SERVICES': 'USERS, AUTHETICATION', 'BASE_URL': '"http://localhost', 'PORT_SERVICE': '8000', 'SESSION_TTL': 3600}
2025-01-15 12:51:01,516 - config - INFO - PROJECT_NAME: TEST
2025-01-15 12:51:01,516 - config - INFO - DEBUG: True
2025-01-15 12:51:01,516 - config - INFO - BASE_DIR: C:\py.projects\OpenVerse\_Tools\tools_openverse
2025-01-15 12:51:01,516 - config - INFO - DATABASE_DRIVER: sqlite+aiosqlite
2025-01-15 12:51:01,516 - config - INFO - DATABASE_NAME: db.sqlite3
2025-01-15 12:51:01,516 - config - INFO - DATABASE_POOL_SIZE: 5
2025-01-15 12:51:01,517 - config - INFO - DATABASE_MAX_OVERFLOW: 10
2025-01-15 12:51:01,517 - config - INFO - REDIS_HOST: redis
2025-01-15 12:51:01,517 - config - INFO - REDIS_PORT: 6379
2025-01-15 12:51:01,517 - config - INFO - REDIS_DB: 0
2025-01-15 12:51:01,517 - config - INFO - JWT_ALGORITHM: HS256
2025-01-15 12:51:01,517 - config - INFO - ALL_SERVICES: ['USERS, AUTHETICATION, TEST']
2025-01-15 12:51:01,517 - config - INFO - OTHER_SERVICES: USERS, AUTHETICATION
2025-01-15 12:51:01,518 - config - INFO - BASE_URL: "http://localhost
2025-01-15 12:51:01,518 - config - INFO - PORT_SERVICE: 8000
2025-01-15 12:51:01,518 - config - INFO - SESSION_TTL: 3600
2025-01-15 12:52:31,295 - config - INFO - Settings: {'PROJECT_NAME': 'TEST', 'DEBUG': True, 'BASE_DIR': WindowsPath('C:/py.projects/OpenVerse/_Tools/tools_openverse'), 'DATABASE_DRIVER': 'sqlite+aiosqlite', 'DATABASE_NAME': 'db.sqlite3', 'DATABASE_POOL_SIZE': 5, 'DATABASE_MAX_OVERFLOW': 10, 'REDIS_HOST': 'redis', 'REDIS_PORT': 6379, 'REDIS_DB': 0, 'JWT_ALGORITHM': 'HS256', 'ALL_SERVICES': ['USERS, AUTHETICATION, TEST'], 'OTHER_SERVICES': 'USERS, AUTHETICATION', 'BASE_URL': 'localhost', 'PORT_SERVICE': '8000', 'SESSION_TTL': 3600}
2025-01-15 12:52:31,296 - config - INFO - PROJECT_NAME: TEST
2025-01-15 12:52:31,296 - config - INFO - DEBUG: True
2025-01-15 12:52:31,296 - config - INFO - BASE_DIR: C:\py.projects\OpenVerse\_Tools\tools_openverse
2025-01-15 12:52:31,297 - config - INFO - DATABASE_DRIVER: sqlite+aiosqlite
2025-01-15 12:52:31,297 - config - INFO - DATABASE_NAME: db.sqlite3
2025-01-15 12:52:31,297 - config - INFO - DATABASE_POOL_SIZE: 5
2025-01-15 12:52:31,298 - config - INFO - DATABASE_MAX_OVERFLOW: 10
2025-01-15 12:52:31,298 - config - INFO - REDIS_HOST: redis
2025-01-15 12:52:31,298 - config - INFO - REDIS_PORT: 6379
2025-01-15 12:52:31,298 - config - INFO - REDIS_DB: 0
2025-01-15 12:52:31,298 - config - INFO - JWT_ALGORITHM: HS256
2025-01-15 12:52:31,298 - config - INFO - ALL_SERVICES: ['USERS, AUTHETICATION, TEST']
2025-01-15 12:52:31,299 - config - INFO - OTHER_SERVICES: USERS, AUTHETICATION
2025-01-15 12:52:31,299 - config - INFO - BASE_URL: localhost
2025-01-15 12:52:31,299 - config - INFO - PORT_SERVICE: 8000
2025-01-15 12:52:31,299 - config - INFO - SESSION_TTL: 3600
2025-01-15 12:55:05,521 - config - INFO - Settings: {'PROJECT_NAME': 'TEST', 'DEBUG': True, 'BASE_DIR': WindowsPath('C:/py.projects/OpenVerse/_Tools/tools_openverse'), 'DATABASE_DRIVER': 'sqlite+aiosqlite', 'DATABASE_NAME': 'db.sqlite3', 'DATABASE_POOL_SIZE': 5, 'DATABASE_MAX_OVERFLOW': 10, 'REDIS_HOST': 'redis', 'REDIS_PORT': 6379, 'REDIS_DB': 0, 'JWT_ALGORITHM': 'HS256', 'ALL_SERVICES': ['USERS, AUTHETICATION, TEST'], 'OTHER_SERVICES': 'USERS, AUTHETICATION', 'BASE_URL': 'localhost', 'PORT_SERVICE': '8000', 'SESSION_TTL': 3600}
2025-01-15 12:55:05,521 - config - INFO - PROJECT_NAME: TEST
2025-01-15 12:55:05,521 - config - INFO - DEBUG: True
2025-01-15 12:55:05,522 - config - INFO - BASE_DIR: C:\py.projects\OpenVerse\_Tools\tools_openverse
2025-01-15 12:55:05,522 - config - INFO - DATABASE_DRIVER: sqlite+aiosqlite
2025-01-15 12:55:05,522 - config - INFO - DATABASE_NAME: db.sqlite3
2025-01-15 12:55:05,523 - config - INFO - DATABASE_POOL_SIZE: 5
2025-01-15 12:55:05,523 - config - INFO - DATABASE_MAX_OVERFLOW: 10
2025-01-15 12:55:05,523 - config - INFO - REDIS_HOST: redis
2025-01-15 12:55:05,523 - config - INFO - REDIS_PORT: 6379
2025-01-15 12:55:05,523 - config - INFO - REDIS_DB: 0
2025-01-15 12:55:05,524 - config - INFO - JWT_ALGORITHM: HS256
2025-01-15 12:55:05,524 - config - INFO - ALL_SERVICES: ['USERS, AUTHETICATION, TEST']
2025-01-15 12:55:05,524 - config - INFO - OTHER_SERVICES: USERS, AUTHETICATION
2025-01-15 12:55:05,524 - config - INFO - BASE_URL: localhost
2025-01-15 12:55:05,524 - config - INFO - PORT_SERVICE: 8000
2025-01-15 12:55:05,524 - config - INFO - SESSION_TTL: 3600
2025-01-15 12:57:09,441 - config - INFO - Settings: {'PROJECT_NAME': 'TEST', 'DEBUG': True, 'BASE_DIR': WindowsPath('C:/py.projects/OpenVerse/_Tools/tools_openverse'), 'DATABASE_DRIVER': 'sqlite+aiosqlite', 'DATABASE_NAME': 'db.sqlite3', 'DATABASE_POOL_SIZE': 5, 'DATABASE_MAX_OVERFLOW': 10, 'REDIS_HOST': 'redis', 'REDIS_PORT': 6379, 'REDIS_DB': 0, 'JWT_ALGORITHM': 'HS256', 'ALL_SERVICES': ['USERS, AUTHETICATION, TEST'], 'OTHER_SERVICES': 'USERS, AUTHETICATION', 'BASE_URL': 'localhost', 'PORT_SERVICE': '8000', 'SESSION_TTL': 3600}
2025-01-15 12:57:09,441 - config - INFO - PROJECT_NAME: TEST
2025-01-15 12:57:09,441 - config - INFO - DEBUG: True
2025-01-15 12:57:09,442 - config - INFO - BASE_DIR: C:\py.projects\OpenVerse\_Tools\tools_openverse
2025-01-15 12:57:09,442 - config - INFO - DATABASE_DRIVER: sqlite+aiosqlite
2025-01-15 12:57:09,442 - config - INFO - DATABASE_NAME: db.sqlite3
2025-01-15 12:57:09,442 - config - INFO - DATABASE_POOL_SIZE: 5
2025-01-15 12:57:09,442 - config - INFO - DATABASE_MAX_OVERFLOW: 10
2025-01-15 12:57:09,442 - config - INFO - REDIS_HOST: redis
2025-01-15 12:57:09,442 - config - INFO - REDIS_PORT: 6379
2025-01-15 12:57:09,442 - config - INFO - REDIS_DB: 0
2025-01-15 12:57:09,442 - config - INFO - JWT_ALGORITHM: HS256
2025-01-15 12:57:09,444 - config - INFO - ALL_SERVICES: ['USERS, AUTHETICATION, TEST']
2025-01-15 12:57:09,444 - config - INFO - OTHER_SERVICES: USERS, AUTHETICATION
2025-01-15 12:57:09,444 - config - INFO - BASE_URL: localhost
2025-01-15 12:57:09,444 - config - INFO - PORT_SERVICE: 8000
2025-01-15 12:57:09,444 - config - INFO - SESSION_TTL: 3600
2025-01-15 21:29:36,548 - config - INFO - Settings: {'PROJECT_NAME': 'TEST', 'DEBUG': True, 'BASE_DIR': WindowsPath('C:/py.projects/OpenVerse/_Tools/tools_openverse'), 'DATABASE_DRIVER': 'sqlite+aiosqlite', 'DATABASE_NAME': 'db.sqlite3', 'DATABASE_POOL_SIZE': 5, 'DATABASE_MAX_OVERFLOW': 10, 'REDIS_HOST': 'redis', 'REDIS_PORT': 6379, 'REDIS_DB': 0, 'JWT_ALGORITHM': 'HS256', 'ALL_SERVICES': ['USERS, AUTHETICATION, TEST'], 'OTHER_SERVICES': 'USERS, AUTHETICATION', 'BASE_URL': 'localhost', 'PORT_SERVICE': '8000', 'SESSION_TTL': 3600}
2025-01-15 21:29:36,549 - config - INFO - PROJECT_NAME: TEST
2025-01-15 21:29:36,549 - config - INFO - DEBUG: True
2025-01-15 21:29:36,549 - config - INFO - BASE_DIR: C:\py.projects\OpenVerse\_Tools\tools_openverse
2025-01-15 21:29:36,549 - config - INFO - DATABASE_DRIVER: sqlite+aiosqlite
2025-01-15 21:29:36,549 - config - INFO - DATABASE_NAME: db.sqlite3
2025-01-15 21:29:36,550 - config - INFO - DATABASE_POOL_SIZE: 5
2025-01-15 21:29:36,550 - config - INFO - DATABASE_MAX_OVERFLOW: 10
2025-01-15 21:29:36,550 - config - INFO - REDIS_HOST: redis
2025-01-15 21:29:36,550 - config - INFO - REDIS_PORT: 6379
2025-01-15 21:29:36,550 - config - INFO - REDIS_DB: 0
2025-01-15 21:29:36,550 - config - INFO - JWT_ALGORITHM: HS256
2025-01-15 21:29:36,550 - config - INFO - ALL_SERVICES: ['USERS, AUTHETICATION, TEST']
2025-01-15 21:29:36,550 - config - INFO - OTHER_SERVICES: USERS, AUTHETICATION
2025-01-15 21:29:36,550 - config - INFO - BASE_URL: localhost
2025-01-15 21:29:36,550 - config - INFO - PORT_SERVICE: 8000
2025-01-15 21:29:36,551 - config - INFO - SESSION_TTL: 3600
2025-01-15 21:32:07,950 - config - INFO - Settings: {'PROJECT_NAME': 'TEST', 'DEBUG': True, 'BASE_DIR': WindowsPath('C:/py.projects/OpenVerse/_Tools/tools_openverse'), 'DATABASE_DRIVER': 'sqlite+aiosqlite', 'DATABASE_NAME': 'db.sqlite3', 'DATABASE_POOL_SIZE': 5, 'DATABASE_MAX_OVERFLOW': 10, 'REDIS_HOST': 'redis', 'REDIS_PORT': 6379, 'REDIS_DB': 0, 'JWT_ALGORITHM': 'HS256', 'ALL_SERVICES': ['USERS, AUTHETICATION, TEST'], 'OTHER_SERVICES': 'USERS, AUTHETICATION', 'BASE_URL': 'localhost', 'PORT_SERVICE': '8000', 'SESSION_TTL': 3600}
2025-01-15 21:32:07,952 - config - INFO - PROJECT_NAME: TEST
2025-01-15 21:32:07,952 - config - INFO - DEBUG: True
2025-01-15 21:32:07,952 - config - INFO - BASE_DIR: C:\py.projects\OpenVerse\_Tools\tools_openverse
2025-01-15 21:32:07,952 - config - INFO - DATABASE_DRIVER: sqlite+aiosqlite
2025-01-15 21:32:07,952 - config - INFO - DATABASE_NAME: db.sqlite3
2025-01-15 21:32:07,952 - config - INFO - DATABASE_POOL_SIZE: 5
2025-01-15 21:32:07,953 - config - INFO - DATABASE_MAX_OVERFLOW: 10
2025-01-15 21:32:07,953 - config - INFO - REDIS_HOST: redis
2025-01-15 21:32:07,953 - config - INFO - REDIS_PORT: 6379
2025-01-15 21:32:07,953 - config - INFO - REDIS_DB: 0
2025-01-15 21:32:07,953 - config - INFO - JWT_ALGORITHM: HS256
2025-01-15 21:32:07,953 - config - INFO - ALL_SERVICES: ['USERS, AUTHETICATION, TEST']
2025-01-15 21:32:07,954 - config - INFO - OTHER_SERVICES: USERS, AUTHETICATION
2025-01-15 21:32:07,954 - config - INFO - BASE_URL: localhost
2025-01-15 21:32:07,954 - config - INFO - PORT_SERVICE: 8000
2025-01-15 21:32:07,954 - config - INFO - SESSION_TTL: 3600
2025-01-15 21:32:44,237 - config - INFO - Settings: {'PROJECT_NAME': 'TEST', 'DEBUG': True, 'BASE_DIR': WindowsPath('C:/py.projects/OpenVerse/_Tools/tools_openverse'), 'DATABASE_DRIVER': 'sqlite+aiosqlite', 'DATABASE_NAME': 'db.sqlite3', 'DATABASE_POOL_SIZE': 5, 'DATABASE_MAX_OVERFLOW': 10, 'REDIS_HOST': 'redis', 'REDIS_PORT': 6379, 'REDIS_DB': 0, 'JWT_ALGORITHM': 'HS256', 'ALL_SERVICES': ['USERS, AUTHETICATION, TEST'], 'OTHER_SERVICES': 'USERS, AUTHETICATION', 'BASE_URL': 'localhost', 'PORT_SERVICE': '8000', 'SESSION_TTL': 3600}
2025-01-15 21:32:44,237 - config - INFO - PROJECT_NAME: TEST
2025-01-15 21:32:44,237 - config - INFO - DEBUG: True
2025-01-15 21:32:44,238 - config - INFO - BASE_DIR: C:\py.projects\OpenVerse\_Tools\tools_openverse
2025-01-15 21:32:44,238 - config - INFO - DATABASE_DRIVER: sqlite+aiosqlite
2025-01-15 21:32:44,238 - config - INFO - DATABASE_NAME: db.sqlite3
2025-01-15 21:32:44,238 - config - INFO - DATABASE_POOL_SIZE: 5
2025-01-15 21:32:44,239 - config - INFO - DATABASE_MAX_OVERFLOW: 10
2025-01-15 21:32:44,239 - config - INFO - REDIS_HOST: redis
2025-01-15 21:32:44,239 - config - INFO - REDIS_PORT: 6379
2025-01-15 21:32:44,239 - config - INFO - REDIS_DB: 0
2025-01-15 21:32:44,239 - config - INFO - JWT_ALGORITHM: HS256
2025-01-15 21:32:44,239 - config - INFO - ALL_SERVICES: ['USERS, AUTHETICATION, TEST']
2025-01-15 21:32:44,239 - config - INFO - OTHER_SERVICES: USERS, AUTHETICATION
2025-01-15 21:32:44,239 - config - INFO - BASE_URL: localhost
2025-01-15 21:32:44,240 - config - INFO - PORT_SERVICE: 8000
2025-01-15 21:32:44,240 - config - INFO - SESSION_TTL: 3600
2025-01-15 21:33:48,257 - config - INFO - Settings: {'PROJECT_NAME': 'TEST', 'DEBUG': True, 'BASE_DIR': WindowsPath('C:/py.projects/OpenVerse/_Tools/tools_openverse'), 'DATABASE_DRIVER': 'sqlite+aiosqlite', 'DATABASE_NAME': 'db.sqlite3', 'DATABASE_POOL_SIZE': 5, 'DATABASE_MAX_OVERFLOW': 10, 'REDIS_HOST': 'redis', 'REDIS_PORT': 6379, 'REDIS_DB': 0, 'JWT_ALGORITHM': 'HS256', 'ALL_SERVICES': ['USERS, AUTHETICATION, TEST'], 'OTHER_SERVICES': 'USERS, AUTHETICATION', 'BASE_URL': 'localhost', 'PORT_SERVICE': '8000', 'SESSION_TTL': 3600}
2025-01-15 21:33:48,257 - config - INFO - PROJECT_NAME: TEST
2025-01-15 21:33:48,257 - config - INFO - DEBUG: True
2025-01-15 21:33:48,257 - config - INFO - BASE_DIR: C:\py.projects\OpenVerse\_Tools\tools_openverse
2025-01-15 21:33:48,258 - config - INFO - DATABASE_DRIVER: sqlite+aiosqlite
2025-01-15 21:33:48,258 - config - INFO - DATABASE_NAME: db.sqlite3
2025-01-15 21:33:48,258 - config - INFO - DATABASE_POOL_SIZE: 5
2025-01-15 21:33:48,258 - config - INFO - DATABASE_MAX_OVERFLOW: 10
2025-01-15 21:33:48,258 - config - INFO - REDIS_HOST: redis
2025-01-15 21:33:48,259 - config - INFO - REDIS_PORT: 6379
2025-01-15 21:33:48,259 - config - INFO - REDIS_DB: 0
2025-01-15 21:33:48,259 - config - INFO - JWT_ALGORITHM: HS256
2025-01-15 21:33:48,259 - config - INFO - ALL_SERVICES: ['USERS, AUTHETICATION, TEST']
2025-01-15 21:33:48,259 - config - INFO - OTHER_SERVICES: USERS, AUTHETICATION
2025-01-15 21:33:48,260 - config - INFO - BASE_URL: localhost
2025-01-15 21:33:48,260 - config - INFO - PORT_SERVICE: 8000
2025-01-15 21:33:48,260 - config - INFO - SESSION_TTL: 3600
2025-01-15 21:36:17,419 - config - INFO - Settings: {'PROJECT_NAME': 'TEST', 'DEBUG': True, 'BASE_DIR': WindowsPath('C:/py.projects/OpenVerse/_Tools/tools_openverse'), 'DATABASE_DRIVER': 'sqlite+aiosqlite', 'DATABASE_NAME': 'db.sqlite3', 'DATABASE_POOL_SIZE': 5, 'DATABASE_MAX_OVERFLOW': 10, 'REDIS_HOST': 'redis', 'REDIS_PORT': 6379, 'REDIS_DB': 0, 'JWT_ALGORITHM': 'HS256', 'ALL_SERVICES': ['USERS, AUTHETICATION, TEST'], 'OTHER_SERVICES': 'USERS, AUTHETICATION', 'BASE_URL': 'localhost', 'PORT_SERVICE': '8000', 'SESSION_TTL': 3600}
2025-01-15 21:36:17,420 - config - INFO - PROJECT_NAME: TEST
2025-01-15 21:36:17,420 - config - INFO - DEBUG: True
2025-01-15 21:36:17,420 - config - INFO - BASE_DIR: C:\py.projects\OpenVerse\_Tools\tools_openverse
2025-01-15 21:36:17,421 - config - INFO - DATABASE_DRIVER: sqlite+aiosqlite
2025-01-15 21:36:17,421 - config - INFO - DATABASE_NAME: db.sqlite3
2025-01-15 21:36:17,421 - config - INFO - DATABASE_POOL_SIZE: 5
2025-01-15 21:36:17,421 - config - INFO - DATABASE_MAX_OVERFLOW: 10
2025-01-15 21:36:17,422 - config - INFO - REDIS_HOST: redis
2025-01-15 21:36:17,422 - config - INFO - REDIS_PORT: 6379
2025-01-15 21:36:17,422 - config - INFO - REDIS_DB: 0
2025-01-15 21:36:17,423 - config - INFO - JWT_ALGORITHM: HS256
2025-01-15 21:36:17,423 - config - INFO - ALL_SERVICES: ['USERS, AUTHETICATION, TEST']
2025-01-15 21:36:17,423 - config - INFO - OTHER_SERVICES: USERS, AUTHETICATION
2025-01-15 21:36:17,423 - config - INFO - BASE_URL: localhost
2025-01-15 21:36:17,423 - config - INFO - PORT_SERVICE: 8000
2025-01-15 21:36:17,423 - config - INFO - SESSION_TTL: 3600
2025-01-15 21:43:31,850 - config - INFO - Settings: {'PROJECT_NAME': 'TEST', 'DEBUG': True, 'BASE_DIR': WindowsPath('C:/py.projects/OpenVerse/_Tools/tools_openverse'), 'DATABASE_DRIVER': 'sqlite+aiosqlite', 'DATABASE_NAME': 'db.sqlite3', 'DATABASE_POOL_SIZE': 5, 'DATABASE_MAX_OVERFLOW': 10, 'REDIS_HOST': 'redis', 'REDIS_PORT': 6379, 'REDIS_DB': 0, 'JWT_ALGORITHM': 'HS256', 'ALL_SERVICES': ['USERS, AUTHETICATION, TEST'], 'OTHER_SERVICES': 'USERS, AUTHETICATION', 'BASE_URL': 'localhost', 'PORT_SERVICE': '8000', 'SESSION_TTL': 3600}
2025-01-15 21:43:31,850 - config - INFO - PROJECT_NAME: TEST
2025-01-15 21:43:31,850 - config - INFO - DEBUG: True
2025-01-15 21:43:31,851 - config - INFO - BASE_DIR: C:\py.projects\OpenVerse\_Tools\tools_openverse
2025-01-15 21:43:31,851 - config - INFO - DATABASE_DRIVER: sqlite+aiosqlite
2025-01-15 21:43:31,851 - config - INFO - DATABASE_NAME: db.sqlite3
2025-01-15 21:43:31,851 - config - INFO - DATABASE_POOL_SIZE: 5
2025-01-15 21:43:31,852 - config - INFO - DATABASE_MAX_OVERFLOW: 10
2025-01-15 21:43:31,852 - config - INFO - REDIS_HOST: redis
2025-01-15 21:43:31,852 - config - INFO - REDIS_PORT: 6379
2025-01-15 21:43:31,852 - config - INFO - REDIS_DB: 0
2025-01-15 21:43:31,852 - config - INFO - JWT_ALGORITHM: HS256
2025-01-15 21:43:31,853 - config - INFO - ALL_SERVICES: ['USERS, AUTHETICATION, TEST']
2025-01-15 21:43:31,853 - config - INFO - OTHER_SERVICES: USERS, AUTHETICATION
2025-01-15 21:43:31,853 - config - INFO - BASE_URL: localhost
2025-01-15 21:43:31,853 - config - INFO - PORT_SERVICE: 8000
2025-01-15 21:43:31,853 - config - INFO - SESSION_TTL: 3600
2025-01-15 21:44:30,937 - config - INFO - Settings: {'PROJECT_NAME': 'TEST', 'DEBUG': True, 'BASE_DIR': WindowsPath('C:/py.projects/OpenVerse/_Tools/tools_openverse'), 'DATABASE_DRIVER': 'sqlite+aiosqlite', 'DATABASE_NAME': 'db.sqlite3', 'DATABASE_POOL_SIZE': 5, 'DATABASE_MAX_OVERFLOW': 10, 'REDIS_HOST': 'redis', 'REDIS_PORT': 6379, 'REDIS_DB': 0, 'JWT_ALGORITHM': 'HS256', 'ALL_SERVICES': ['USERS, AUTHETICATION, TEST'], 'OTHER_SERVICES': 'USERS, AUTHETICATION', 'BASE_URL': 'localhost', 'PORT_SERVICE': '8000', 'SESSION_TTL': 3600}
2025-01-15 21:44:30,937 - config - INFO - PROJECT_NAME: TEST
2025-01-15 21:44:30,937 - config - INFO - DEBUG: True
2025-01-15 21:44:30,937 - config - INFO - BASE_DIR: C:\py.projects\OpenVerse\_Tools\tools_openverse
2025-01-15 21:44:30,937 - config - INFO - DATABASE_DRIVER: sqlite+aiosqlite
2025-01-15 21:44:30,937 - config - INFO - DATABASE_NAME: db.sqlite3
2025-01-15 21:44:30,937 - config - INFO - DATABASE_POOL_SIZE: 5
2025-01-15 21:44:30,938 - config - INFO - DATABASE_MAX_OVERFLOW: 10
2025-01-15 21:44:30,938 - config - INFO - REDIS_HOST: redis
2025-01-15 21:44:30,938 - config - INFO - REDIS_PORT: 6379
2025-01-15 21:44:30,938 - config - INFO - REDIS_DB: 0
2025-01-15 21:44:30,938 - config - INFO - JWT_ALGORITHM: HS256
2025-01-15 21:44:30,938 - config - INFO - ALL_SERVICES: ['USERS, AUTHETICATION, TEST']
2025-01-15 21:44:30,939 - config - INFO - OTHER_SERVICES: USERS, AUTHETICATION
2025-01-15 21:44:30,939 - config - INFO - BASE_URL: localhost
2025-01-15 21:44:30,939 - config - INFO - PORT_SERVICE: 8000
2025-01-15 21:44:30,939 - config - INFO - SESSION_TTL: 3600
2025-01-16 18:40:29,332 - config - INFO - Settings: {'PROJECT_NAME': 'TEST', 'DEBUG': True, 'BASE_DIR': WindowsPath('C:/py.projects/OpenVerse/_Tools/tools_openverse'), 'DATABASE_DRIVER': 'sqlite+aiosqlite', 'DATABASE_NAME': 'db.sqlite3', 'DATABASE_POOL_SIZE': 5, 'DATABASE_MAX_OVERFLOW': 10, 'REDIS_HOST': 'redis', 'REDIS_PORT': 6379, 'REDIS_DB': 0, 'JWT_ALGORITHM': 'HS256', 'ALL_SERVICES': ['USERS, AUTHETICATION, TEST'], 'OTHER_SERVICES': 'USERS, AUTHETICATION', 'BASE_URL': 'localhost', 'PORT_SERVICE': '8000', 'SESSION_TTL': 3600}
2025-01-16 18:40:29,333 - config - INFO - PROJECT_NAME: TEST
2025-01-16 18:40:29,333 - config - INFO - DEBUG: True
2025-01-16 18:40:29,333 - config - INFO - BASE_DIR: C:\py.projects\OpenVerse\_Tools\tools_openverse
2025-01-16 18:40:29,333 - config - INFO - DATABASE_DRIVER: sqlite+aiosqlite
2025-01-16 18:40:29,333 - config - INFO - DATABASE_NAME: db.sqlite3
2025-01-16 18:40:29,333 - config - INFO - DATABASE_POOL_SIZE: 5
2025-01-16 18:40:29,333 - config - INFO - DATABASE_MAX_OVERFLOW: 10
2025-01-16 18:40:29,334 - config - INFO - REDIS_HOST: redis
2025-01-16 18:40:29,334 - config - INFO - REDIS_PORT: 6379
2025-01-16 18:40:29,334 - config - INFO - REDIS_DB: 0
2025-01-16 18:40:29,334 - config - INFO - JWT_ALGORITHM: HS256
2025-01-16 18:40:29,334 - config - INFO - ALL_SERVICES: ['USERS, AUTHETICATION, TEST']
2025-01-16 18:40:29,334 - config - INFO - OTHER_SERVICES: USERS, AUTHETICATION
2025-01-16 18:40:29,334 - config - INFO - BASE_URL: localhost
2025-01-16 18:40:29,336 - config - INFO - PORT_SERVICE: 8000
2025-01-16 18:40:29,336 - config - INFO - SESSION_TTL: 3600
2025-01-20 22:09:19,700 - config - DEBUG - Get environment variable 'PROJECT_NAME'
2025-01-20 22:09:19,700 - config - DEBUG - Get environment variable 'DEBUG'
2025-01-20 22:09:19,700 - config - DEBUG - Get environment variable 'DATABASE_NAME'
2025-01-20 22:09:19,700 - config - DEBUG - Get environment variable 'DATABASE_DRIVER'
2025-01-20 22:09:19,700 - config - DEBUG - Get environment variable 'DATABASE_HOST'
2025-01-20 22:09:19,700 - config - DEBUG - Get environment variable 'DATABASE_PORT'
2025-01-20 22:09:19,700 - config - DEBUG - Get environment variable 'DATABASE_USER'
2025-01-20 22:09:19,700 - config - DEBUG - Get environment variable 'DATABASE_PASSWORD'
2025-01-20 22:09:19,700 - config - DEBUG - Get environment variable 'DATABASE_FILE_NAME'
2025-01-20 22:09:19,700 - config - DEBUG - Get environment variable 'DATABASE_NAME'
2025-01-20 22:09:19,700 - config - DEBUG - Get environment variable 'REDIS_HOST'
2025-01-20 22:09:19,700 - config - DEBUG - Get environment variable 'REDIS_PORT'
2025-01-20 22:09:19,700 - config - DEBUG - Get environment variable 'REDIS_DB'
2025-01-20 22:09:19,701 - config - DEBUG - Get environment variable 'REDIS_PASSWORD'
2025-01-20 22:09:19,701 - config - DEBUG - Get environment variable 'JWT_ALGORITHM'
2025-01-20 22:09:19,701 - config - DEBUG - Get environment variable 'JWT_SECRET_KEY'
2025-01-20 22:09:19,701 - config - DEBUG - Get environment variable 'OTHER_SERVICES'
2025-01-20 22:09:19,701 - config - DEBUG - Get environment variable 'BASE_URL'
2025-01-20 22:09:19,701 - config - DEBUG - Get environment variable 'PORT_SERVICE'
2025-01-20 22:09:19,707 - config - INFO - Settings: {'PROJECT_NAME': 'TEST', 'DEBUG': True, 'BASE_DIR': WindowsPath('C:/'), 'DATABASE_DB': 'postgresql', 'DATABASE_DRIVER': 'postgresql+asyncpg', 'DATABASE_POOL_SIZE': 5, 'DATABASE_MAX_OVERFLOW': 10, 'DATABASE_HOST': 'localhost', 'DATABASE_PORT': '5432', 'DATABASE_USER': 'postgres', 'DATABASE_PASSWORD': 'Qwertyboy31', 'DATABASE_FILE_NAME': 'db.sqlite3', 'DATABASE_NAME': 'openverse_users', 'REDIS_HOST': 'redis', 'REDIS_PORT': 6379, 'REDIS_DB': 0, 'JWT_ALGORITHM': 'HS256', 'OTHER_SERVICES': 'AUTHETICATION, USERS', 'BASE_URL': 'localhost', 'PORT_SERVICE': '8000', 'SESSION_TTL': 3600}
2025-01-20 22:09:19,708 - config - INFO - PROJECT_NAME: TEST
2025-01-20 22:09:19,708 - config - INFO - DEBUG: True
2025-01-20 22:09:19,708 - config - INFO - BASE_DIR: C:\
2025-01-20 22:09:19,708 - config - INFO - DATABASE_DB: postgresql
2025-01-20 22:09:19,708 - config - INFO - DATABASE_DRIVER: postgresql+asyncpg
2025-01-20 22:09:19,708 - config - INFO - DATABASE_POOL_SIZE: 5
2025-01-20 22:09:19,708 - config - INFO - DATABASE_MAX_OVERFLOW: 10
2025-01-20 22:09:19,708 - config - INFO - DATABASE_HOST: localhost
2025-01-20 22:09:19,708 - config - INFO - DATABASE_PORT: 5432
2025-01-20 22:09:19,709 - config - INFO - DATABASE_USER: postgres
2025-01-20 22:09:19,709 - config - INFO - DATABASE_PASSWORD: Qwertyboy31
2025-01-20 22:09:19,709 - config - INFO - DATABASE_FILE_NAME: db.sqlite3
2025-01-20 22:09:19,709 - config - INFO - DATABASE_NAME: openverse_users
2025-01-20 22:09:19,709 - config - INFO - REDIS_HOST: redis
2025-01-20 22:09:19,709 - config - INFO - REDIS_PORT: 6379
2025-01-20 22:09:19,709 - config - INFO - REDIS_DB: 0
2025-01-20 22:09:19,709 - config - INFO - JWT_ALGORITHM: HS256
2025-01-20 22:09:19,709 - config - INFO - OTHER_SERVICES: AUTHETICATION, USERS
2025-01-20 22:09:19,709 - config - INFO - BASE_URL: localhost
2025-01-20 22:09:19,709 - config - INFO - PORT_SERVICE: 8000
2025-01-20 22:09:19,709 - config - INFO - SESSION_TTL: 3600
2025-01-22 13:39:14,818 - config - DEBUG - Get environment variable 'PROJECT_NAME'
2025-01-22 13:39:14,818 - config - DEBUG - Get environment variable 'DEBUG'
2025-01-22 13:39:14,818 - config - DEBUG - Get environment variable 'DATABASE_NAME'
2025-01-22 13:39:14,818 - config - DEBUG - Get environment variable 'DATABASE_DRIVER'
2025-01-22 13:39:14,818 - config - DEBUG - Get environment variable 'DATABASE_HOST'
2025-01-22 13:39:14,818 - config - DEBUG - Get environment variable 'DATABASE_PORT'
2025-01-22 13:39:14,818 - config - DEBUG - Get environment variable 'DATABASE_USER'
2025-01-22 13:39:14,818 - config - DEBUG - Get environment variable 'DATABASE_PASSWORD'
2025-01-22 13:39:14,818 - config - DEBUG - Get environment variable 'DATABASE_FILE_NAME'
2025-01-22 13:39:14,818 - config - DEBUG - Get environment variable 'DATABASE_NAME'
2025-01-22 13:39:14,818 - config - DEBUG - Get environment variable 'REDIS_HOST'
2025-01-22 13:39:14,818 - config - DEBUG - Get environment variable 'REDIS_PORT'
2025-01-22 13:39:14,818 - config - DEBUG - Get environment variable 'REDIS_DB'
2025-01-22 13:39:14,818 - config - DEBUG - Get environment variable 'REDIS_PASSWORD'
2025-01-22 13:39:14,818 - config - DEBUG - Get environment variable 'JWT_ALGORITHM'
2025-01-22 13:39:14,818 - config - DEBUG - Get environment variable 'JWT_SECRET_KEY'
2025-01-22 13:39:14,818 - config - DEBUG - Get environment variable 'OTHER_SERVICES'
2025-01-22 13:39:14,818 - config - DEBUG - Get environment variable 'BASE_URL'
2025-01-22 13:39:14,818 - config - DEBUG - Get environment variable 'PORT_SERVICE'
2025-01-22 13:39:14,826 - config - INFO - Settings: {'PROJECT_NAME': 'TEST', 'DEBUG': True, 'BASE_DIR': WindowsPath('C:/'), 'DATABASE_DB': 'postgresql', 'DATABASE_DRIVER': 'postgresql+asyncpg', 'DATABASE_POOL_SIZE': 5, 'DATABASE_MAX_OVERFLOW': 10, 'DATABASE_HOST': 'localhost', 'DATABASE_PORT': '5432', 'DATABASE_USER': 'postgres', 'DATABASE_PASSWORD': 'Qwertyboy31', 'DATABASE_FILE_NAME': None, 'DATABASE_NAME': 'openverse_users', 'REDIS_HOST': 'redis', 'REDIS_PORT': 6379, 'REDIS_DB': 0, 'JWT_ALGORITHM': 'HS256', 'OTHER_SERVICES': 'AUTHETICATION, USERS', 'BASE_URL': 'localhost', 'PORT_SERVICE': '8000', 'SESSION_TTL': 3600}
2025-01-22 13:39:14,826 - config - INFO - PROJECT_NAME: TEST
2025-01-22 13:39:14,826 - config - INFO - DEBUG: True
2025-01-22 13:39:14,827 - config - INFO - BASE_DIR: C:\
2025-01-22 13:39:14,827 - config - INFO - DATABASE_DB: postgresql
2025-01-22 13:39:14,827 - config - INFO - DATABASE_DRIVER: postgresql+asyncpg
2025-01-22 13:39:14,827 - config - INFO - DATABASE_POOL_SIZE: 5
2025-01-22 13:39:14,827 - config - INFO - DATABASE_MAX_OVERFLOW: 10
2025-01-22 13:39:14,828 - config - INFO - DATABASE_HOST: localhost
2025-01-22 13:39:14,828 - config - INFO - DATABASE_PORT: 5432
2025-01-22 13:39:14,828 - config - INFO - DATABASE_USER: postgres
2025-01-22 13:39:14,828 - config - INFO - DATABASE_PASSWORD: Qwertyboy31
2025-01-22 13:39:14,828 - config - INFO - DATABASE_FILE_NAME: None
2025-01-22 13:39:14,829 - config - INFO - DATABASE_NAME: openverse_users
2025-01-22 13:39:14,829 - config - INFO - REDIS_HOST: redis
2025-01-22 13:39:14,829 - config - INFO - REDIS_PORT: 6379
2025-01-22 13:39:14,829 - config - INFO - REDIS_DB: 0
2025-01-22 13:39:14,829 - config - INFO - JWT_ALGORITHM: HS256
2025-01-22 13:39:14,829 - config - INFO - OTHER_SERVICES: AUTHETICATION, USERS
2025-01-22 13:39:14,830 - config - INFO - BASE_URL: localhost
2025-01-22 13:39:14,830 - config - INFO - PORT_SERVICE: 8000
2025-01-22 13:39:14,830 - config - INFO - SESSION_TTL: 3600
2025-01-22 21:28:07,056 - config - DEBUG - Get environment variable 'PROJECT_NAME'
2025-01-22 21:28:07,056 - config - DEBUG - Get environment variable 'DEBUG'
2025-01-22 21:28:07,056 - config - DEBUG - Get environment variable 'DATABASE_NAME'
2025-01-22 21:28:07,056 - config - DEBUG - Get environment variable 'DATABASE_DRIVER'
2025-01-22 21:28:07,056 - config - DEBUG - Get environment variable 'DATABASE_HOST'
2025-01-22 21:28:07,057 - config - DEBUG - Get environment variable 'DATABASE_PORT'
2025-01-22 21:28:07,057 - config - DEBUG - Get environment variable 'DATABASE_USER'
2025-01-22 21:28:07,057 - config - DEBUG - Get environment variable 'DATABASE_PASSWORD'
2025-01-22 21:28:07,057 - config - DEBUG - Get environment variable 'DATABASE_FILE_NAME'
2025-01-22 21:28:07,057 - config - DEBUG - Get environment variable 'DATABASE_NAME'
2025-01-22 21:28:07,057 - config - DEBUG - Get environment variable 'REDIS_HOST'
2025-01-22 21:28:07,057 - config - DEBUG - Get environment variable 'REDIS_PORT'
2025-01-22 21:28:07,057 - config - DEBUG - Get environment variable 'REDIS_DB'
2025-01-22 21:28:07,057 - config - DEBUG - Get environment variable 'REDIS_PASSWORD'
2025-01-22 21:28:07,057 - config - DEBUG - Get environment variable 'JWT_ALGORITHM'
2025-01-22 21:28:07,057 - config - DEBUG - Get environment variable 'JWT_SECRET_KEY'
2025-01-22 21:28:07,057 - config - DEBUG - Get environment variable 'OTHER_SERVICES'
2025-01-22 21:28:07,057 - config - DEBUG - Get environment variable 'BASE_URL'
2025-01-22 21:28:07,057 - config - DEBUG - Get environment variable 'PORT_SERVICE'
2025-01-22 21:28:07,065 - config - INFO - Settings: {'PROJECT_NAME': 'TEST', 'DEBUG': True, 'BASE_DIR': WindowsPath('C:/'), 'DATABASE_DB': 'postgresql', 'DATABASE_DRIVER': 'postgresql+asyncpg', 'DATABASE_POOL_SIZE': 5, 'DATABASE_MAX_OVERFLOW': 10, 'DATABASE_HOST': 'localhost', 'DATABASE_PORT': '5432', 'DATABASE_USER': 'postgres', 'DATABASE_PASSWORD': 'Qwertyboy31', 'DATABASE_FILE_NAME': None, 'DATABASE_NAME': 'openverse_users', 'REDIS_HOST': 'redis', 'REDIS_PORT': 6379, 'REDIS_DB': 0, 'JWT_ALGORITHM': 'HS256', 'OTHER_SERVICES': 'AUTHETICATION, USERS', 'BASE_URL': 'localhost', 'PORT_SERVICE': '8000', 'SESSION_TTL': 3600}
2025-01-22 21:28:07,065 - config - INFO - PROJECT_NAME: TEST
2025-01-22 21:28:07,065 - config - INFO - DEBUG: True
2025-01-22 21:28:07,065 - config - INFO - BASE_DIR: C:\
2025-01-22 21:28:07,065 - config - INFO - DATABASE_DB: postgresql
2025-01-22 21:28:07,065 - config - INFO - DATABASE_DRIVER: postgresql+asyncpg
2025-01-22 21:28:07,065 - config - INFO - DATABASE_POOL_SIZE: 5
2025-01-22 21:28:07,066 - config - INFO - DATABASE_MAX_OVERFLOW: 10
2025-01-22 21:28:07,066 - config - INFO - DATABASE_HOST: localhost
2025-01-22 21:28:07,066 - config - INFO - DATABASE_PORT: 5432
2025-01-22 21:28:07,066 - config - INFO - DATABASE_USER: postgres
2025-01-22 21:28:07,066 - config - INFO - DATABASE_PASSWORD: Qwertyboy31
2025-01-22 21:28:07,066 - config - INFO - DATABASE_FILE_NAME: None
2025-01-22 21:28:07,066 - config - INFO - DATABASE_NAME: openverse_users
2025-01-22 21:28:07,066 - config - INFO - REDIS_HOST: redis
2025-01-22 21:28:07,066 - config - INFO - REDIS_PORT: 6379
2025-01-22 21:28:07,066 - config - INFO - REDIS_DB: 0
2025-01-22 21:28:07,066 - config - INFO - JWT_ALGORITHM: HS256
2025-01-22 21:28:07,066 - config - INFO - OTHER_SERVICES: AUTHETICATION, USERS
2025-01-22 21:28:07,066 - config - INFO - BASE_URL: localhost
2025-01-22 21:28:07,066 - config - INFO - PORT_SERVICE: 8000
2025-01-22 21:28:07,067 - config - INFO - SESSION_TTL: 3600
2025-01-22 21:30:25,062 - config - DEBUG - Get environment variable 'PROJECT_NAME'
2025-01-22 21:30:25,062 - config - DEBUG - Get environment variable 'DEBUG'
2025-01-22 21:30:25,063 - config - DEBUG - Get environment variable 'DATABASE_NAME'
2025-01-22 21:30:25,063 - config - DEBUG - Get environment variable 'DATABASE_DRIVER'
2025-01-22 21:30:25,063 - config - DEBUG - Get environment variable 'DATABASE_HOST'
2025-01-22 21:30:25,063 - config - DEBUG - Get environment variable 'DATABASE_PORT'
2025-01-22 21:30:25,063 - config - DEBUG - Get environment variable 'DATABASE_USER'
2025-01-22 21:30:25,063 - config - DEBUG - Get environment variable 'DATABASE_PASSWORD'
2025-01-22 21:30:25,063 - config - DEBUG - Get environment variable 'DATABASE_FILE_NAME'
2025-01-22 21:30:25,063 - config - DEBUG - Get environment variable 'DATABASE_NAME'
2025-01-22 21:30:25,063 - config - DEBUG - Get environment variable 'REDIS_HOST'
2025-01-22 21:30:25,063 - config - DEBUG - Get environment variable 'REDIS_PORT'
2025-01-22 21:30:25,063 - config - DEBUG - Get environment variable 'REDIS_DB'
2025-01-22 21:30:25,063 - config - DEBUG - Get environment variable 'REDIS_PASSWORD'
2025-01-22 21:30:25,063 - config - DEBUG - Get environment variable 'JWT_ALGORITHM'
2025-01-22 21:30:25,063 - config - DEBUG - Get environment variable 'JWT_SECRET_KEY'
2025-01-22 21:30:25,063 - config - DEBUG - Get environment variable 'OTHER_SERVICES'
2025-01-22 21:30:25,063 - config - DEBUG - Get environment variable 'BASE_URL'
2025-01-22 21:30:25,063 - config - DEBUG - Get environment variable 'PORT_SERVICE'
2025-01-22 21:30:25,071 - config - INFO - Settings: {'PROJECT_NAME': 'TEST', 'DEBUG': True, 'BASE_DIR': WindowsPath('C:/'), 'DATABASE_DB': 'postgresql', 'DATABASE_DRIVER': 'postgresql+asyncpg', 'DATABASE_POOL_SIZE': 5, 'DATABASE_MAX_OVERFLOW': 10, 'DATABASE_HOST': 'localhost', 'DATABASE_PORT': '5432', 'DATABASE_USER': 'postgres', 'DATABASE_PASSWORD': 'Qwertyboy31', 'DATABASE_FILE_NAME': None, 'DATABASE_NAME': 'openverse_users', 'REDIS_HOST': 'redis', 'REDIS_PORT': 6379, 'REDIS_DB': 0, 'JWT_ALGORITHM': 'HS256', 'OTHER_SERVICES': 'AUTHETICATION, USERS', 'BASE_URL': 'localhost', 'PORT_SERVICE': '8000', 'SESSION_TTL': 3600}
2025-01-22 21:30:25,071 - config - INFO - PROJECT_NAME: TEST
2025-01-22 21:30:25,071 - config - INFO - DEBUG: True
2025-01-22 21:30:25,071 - config - INFO - BASE_DIR: C:\
2025-01-22 21:30:25,071 - config - INFO - DATABASE_DB: postgresql
2025-01-22 21:30:25,071 - config - INFO - DATABASE_DRIVER: postgresql+asyncpg
2025-01-22 21:30:25,071 - config - INFO - DATABASE_POOL_SIZE: 5
2025-01-22 21:30:25,073 - config - INFO - DATABASE_MAX_OVERFLOW: 10
2025-01-22 21:30:25,073 - config - INFO - DATABASE_HOST: localhost
2025-01-22 21:30:25,073 - config - INFO - DATABASE_PORT: 5432
2025-01-22 21:30:25,073 - config - INFO - DATABASE_USER: postgres
2025-01-22 21:30:25,073 - config - INFO - DATABASE_PASSWORD: Qwertyboy31
2025-01-22 21:30:25,073 - config - INFO - DATABASE_FILE_NAME: None
2025-01-22 21:30:25,073 - config - INFO - DATABASE_NAME: openverse_users
2025-01-22 21:30:25,073 - config - INFO - REDIS_HOST: redis
2025-01-22 21:30:25,074 - config - INFO - REDIS_PORT: 6379
2025-01-22 21:30:25,074 - config - INFO - REDIS_DB: 0
2025-01-22 21:30:25,074 - config - INFO - JWT_ALGORITHM: HS256
2025-01-22 21:30:25,074 - config - INFO - OTHER_SERVICES: AUTHETICATION, USERS
2025-01-22 21:30:25,074 - config - INFO - BASE_URL: localhost
2025-01-22 21:30:25,075 - config - INFO - PORT_SERVICE: 8000
2025-01-22 21:30:25,075 - config - INFO - SESSION_TTL: 3600
2025-01-22 21:30:52,851 - config - DEBUG - Get environment variable 'PROJECT_NAME'
2025-01-22 21:30:52,851 - config - DEBUG - Get environment variable 'DEBUG'
2025-01-22 21:30:52,851 - config - DEBUG - Get environment variable 'DATABASE_NAME'
2025-01-22 21:30:52,852 - config - DEBUG - Get environment variable 'DATABASE_DRIVER'
2025-01-22 21:30:52,852 - config - DEBUG - Get environment variable 'DATABASE_HOST'
2025-01-22 21:30:52,852 - config - DEBUG - Get environment variable 'DATABASE_PORT'
2025-01-22 21:30:52,852 - config - DEBUG - Get environment variable 'DATABASE_USER'
2025-01-22 21:30:52,852 - config - DEBUG - Get environment variable 'DATABASE_PASSWORD'
2025-01-22 21:30:52,852 - config - DEBUG - Get environment variable 'DATABASE_FILE_NAME'
2025-01-22 21:30:52,852 - config - DEBUG - Get environment variable 'DATABASE_NAME'
2025-01-22 21:30:52,852 - config - DEBUG - Get environment variable 'REDIS_HOST'
2025-01-22 21:30:52,852 - config - DEBUG - Get environment variable 'REDIS_PORT'
2025-01-22 21:30:52,852 - config - DEBUG - Get environment variable 'REDIS_DB'
2025-01-22 21:30:52,852 - config - DEBUG - Get environment variable 'REDIS_PASSWORD'
2025-01-22 21:30:52,852 - config - DEBUG - Get environment variable 'JWT_ALGORITHM'
2025-01-22 21:30:52,852 - config - DEBUG - Get environment variable 'JWT_SECRET_KEY'
2025-01-22 21:30:52,852 - config - DEBUG - Get environment variable 'OTHER_SERVICES'
2025-01-22 21:30:52,852 - config - DEBUG - Get environment variable 'BASE_URL'
2025-01-22 21:30:52,852 - config - DEBUG - Get environment variable 'PORT_SERVICE'
2025-01-22 21:30:52,860 - config - INFO - Settings: {'PROJECT_NAME': 'TEST', 'DEBUG': True, 'BASE_DIR': WindowsPath('C:/'), 'DATABASE_DB': 'postgresql', 'DATABASE_DRIVER': 'postgresql+asyncpg', 'DATABASE_POOL_SIZE': 5, 'DATABASE_MAX_OVERFLOW': 10, 'DATABASE_HOST': 'localhost', 'DATABASE_PORT': '5432', 'DATABASE_USER': 'postgres', 'DATABASE_PASSWORD': 'Qwertyboy31', 'DATABASE_FILE_NAME': None, 'DATABASE_NAME': 'openverse_users', 'REDIS_HOST': 'redis', 'REDIS_PORT': 6379, 'REDIS_DB': 0, 'JWT_ALGORITHM': 'HS256', 'OTHER_SERVICES': 'AUTHETICATION, USERS', 'BASE_URL': 'localhost', 'PORT_SERVICE': '8000', 'SESSION_TTL': 3600}
2025-01-22 21:30:52,860 - config - INFO - PROJECT_NAME: TEST
2025-01-22 21:30:52,860 - config - INFO - DEBUG: True
2025-01-22 21:30:52,860 - config - INFO - BASE_DIR: C:\
2025-01-22 21:30:52,861 - config - INFO - DATABASE_DB: postgresql
2025-01-22 21:30:52,861 - config - INFO - DATABASE_DRIVER: postgresql+asyncpg
2025-01-22 21:30:52,861 - config - INFO - DATABASE_POOL_SIZE: 5
2025-01-22 21:30:52,861 - config - INFO - DATABASE_MAX_OVERFLOW: 10
2025-01-22 21:30:52,861 - config - INFO - DATABASE_HOST: localhost
2025-01-22 21:30:52,861 - config - INFO - DATABASE_PORT: 5432
2025-01-22 21:30:52,862 - config - INFO - DATABASE_USER: postgres
2025-01-22 21:30:52,862 - config - INFO - DATABASE_PASSWORD: Qwertyboy31
2025-01-22 21:30:52,862 - config - INFO - DATABASE_FILE_NAME: None
2025-01-22 21:30:52,862 - config - INFO - DATABASE_NAME: openverse_users
2025-01-22 21:30:52,862 - config - INFO - REDIS_HOST: redis
2025-01-22 21:30:52,862 - config - INFO - REDIS_PORT: 6379
2025-01-22 21:30:52,862 - config - INFO - REDIS_DB: 0
2025-01-22 21:30:52,862 - config - INFO - JWT_ALGORITHM: HS256
2025-01-22 21:30:52,862 - config - INFO - OTHER_SERVICES: AUTHETICATION, USERS
2025-01-22 21:30:52,864 - config - INFO - BASE_URL: localhost
2025-01-22 21:30:52,864 - config - INFO - PORT_SERVICE: 8000
2025-01-22 21:30:52,864 - config - INFO - SESSION_TTL: 3600
2025-01-22 21:36:20,778 - config - DEBUG - Get environment variable 'PROJECT_NAME'
2025-01-22 21:36:20,778 - config - DEBUG - Get environment variable 'DEBUG'
2025-01-22 21:36:20,778 - config - DEBUG - Get environment variable 'DATABASE_NAME'
2025-01-22 21:36:20,778 - config - DEBUG - Get environment variable 'DATABASE_DRIVER'
2025-01-22 21:36:20,778 - config - DEBUG - Get environment variable 'DATABASE_HOST'
2025-01-22 21:36:20,778 - config - DEBUG - Get environment variable 'DATABASE_PORT'
2025-01-22 21:36:20,778 - config - DEBUG - Get environment variable 'DATABASE_USER'
2025-01-22 21:36:20,778 - config - DEBUG - Get environment variable 'DATABASE_PASSWORD'
2025-01-22 21:36:20,778 - config - DEBUG - Get environment variable 'DATABASE_FILE_NAME'
2025-01-22 21:36:20,778 - config - DEBUG - Get environment variable 'DATABASE_NAME'
2025-01-22 21:36:20,779 - config - DEBUG - Get environment variable 'REDIS_HOST'
2025-01-22 21:36:20,779 - config - DEBUG - Get environment variable 'REDIS_PORT'
2025-01-22 21:36:20,779 - config - DEBUG - Get environment variable 'REDIS_DB'
2025-01-22 21:36:20,779 - config - DEBUG - Get environment variable 'REDIS_PASSWORD'
2025-01-22 21:36:20,779 - config - DEBUG - Get environment variable 'JWT_ALGORITHM'
2025-01-22 21:36:20,779 - config - DEBUG - Get environment variable 'JWT_SECRET_KEY'
2025-01-22 21:36:20,779 - config - DEBUG - Get environment variable 'OTHER_SERVICES'
2025-01-22 21:36:20,779 - config - DEBUG - Get environment variable 'BASE_URL'
2025-01-22 21:36:20,779 - config - DEBUG - Get environment variable 'PORT_SERVICE'
2025-01-22 21:36:20,784 - config - INFO - Settings: {'PROJECT_NAME': 'TEST', 'DEBUG': True, 'BASE_DIR': WindowsPath('C:/'), 'DATABASE_DB': 'postgresql', 'DATABASE_DRIVER': 'postgresql+asyncpg', 'DATABASE_POOL_SIZE': 5, 'DATABASE_MAX_OVERFLOW': 10, 'DATABASE_HOST': 'localhost', 'DATABASE_PORT': '5432', 'DATABASE_USER': 'postgres', 'DATABASE_PASSWORD': 'Qwertyboy31', 'DATABASE_FILE_NAME': None, 'DATABASE_NAME': 'openverse_users', 'REDIS_HOST': 'redis', 'REDIS_PORT': 6379, 'REDIS_DB': 0, 'JWT_ALGORITHM': 'HS256', 'OTHER_SERVICES': 'AUTHETICATION, USERS', 'BASE_URL': 'localhost', 'PORT_SERVICE': '8000', 'SESSION_TTL': 3600}
2025-01-22 21:36:20,784 - config - INFO - PROJECT_NAME: TEST
2025-01-22 21:36:20,784 - config - INFO - DEBUG: True
2025-01-22 21:36:20,785 - config - INFO - BASE_DIR: C:\
2025-01-22 21:36:20,785 - config - INFO - DATABASE_DB: postgresql
2025-01-22 21:36:20,785 - config - INFO - DATABASE_DRIVER: postgresql+asyncpg
2025-01-22 21:36:20,785 - config - INFO - DATABASE_POOL_SIZE: 5
2025-01-22 21:36:20,785 - config - INFO - DATABASE_MAX_OVERFLOW: 10
2025-01-22 21:36:20,785 - config - INFO - DATABASE_HOST: localhost
2025-01-22 21:36:20,785 - config - INFO - DATABASE_PORT: 5432
2025-01-22 21:36:20,786 - config - INFO - DATABASE_USER: postgres
2025-01-22 21:36:20,786 - config - INFO - DATABASE_PASSWORD: Qwertyboy31
2025-01-22 21:36:20,786 - config - INFO - DATABASE_FILE_NAME: None
2025-01-22 21:36:20,786 - config - INFO - DATABASE_NAME: openverse_users
2025-01-22 21:36:20,786 - config - INFO - REDIS_HOST: redis
2025-01-22 21:36:20,786 - config - INFO - REDIS_PORT: 6379
2025-01-22 21:36:20,786 - config - INFO - REDIS_DB: 0
2025-01-22 21:36:20,786 - config - INFO - JWT_ALGORITHM: HS256
2025-01-22 21:36:20,787 - config - INFO - OTHER_SERVICES: AUTHETICATION, USERS
2025-01-22 21:36:20,787 - config - INFO - BASE_URL: localhost
2025-01-22 21:36:20,787 - config - INFO - PORT_SERVICE: 8000
2025-01-22 21:36:20,787 - config - INFO - SESSION_TTL: 3600
2025-01-22 21:40:30,746 - config - DEBUG - Get environment variable 'PROJECT_NAME'
2025-01-22 21:40:30,746 - config - DEBUG - Get environment variable 'DEBUG'
2025-01-22 21:40:30,746 - config - DEBUG - Get environment variable 'DATABASE_NAME'
2025-01-22 21:40:30,746 - config - DEBUG - Get environment variable 'DATABASE_DRIVER'
2025-01-22 21:40:30,746 - config - DEBUG - Get environment variable 'DATABASE_HOST'
2025-01-22 21:40:30,746 - config - DEBUG - Get environment variable 'DATABASE_PORT'
2025-01-22 21:40:30,746 - config - DEBUG - Get environment variable 'DATABASE_USER'
2025-01-22 21:40:30,746 - config - DEBUG - Get environment variable 'DATABASE_PASSWORD'
2025-01-22 21:40:30,746 - config - DEBUG - Get environment variable 'DATABASE_FILE_NAME'
2025-01-22 21:40:30,746 - config - DEBUG - Get environment variable 'DATABASE_NAME'
2025-01-22 21:40:30,746 - config - DEBUG - Get environment variable 'REDIS_HOST'
2025-01-22 21:40:30,746 - config - DEBUG - Get environment variable 'REDIS_PORT'
2025-01-22 21:40:30,746 - config - DEBUG - Get environment variable 'REDIS_DB'
2025-01-22 21:40:30,746 - config - DEBUG - Get environment variable 'REDIS_PASSWORD'
2025-01-22 21:40:30,746 - config - DEBUG - Get environment variable 'JWT_ALGORITHM'
2025-01-22 21:40:30,746 - config - DEBUG - Get environment variable 'JWT_SECRET_KEY'
2025-01-22 21:40:30,747 - config - DEBUG - Get environment variable 'OTHER_SERVICES'
2025-01-22 21:40:30,747 - config - DEBUG - Get environment variable 'BASE_URL'
2025-01-22 21:40:30,747 - config - DEBUG - Get environment variable 'PORT_SERVICE'
2025-01-22 21:40:30,755 - config - INFO - Settings: {'PROJECT_NAME': 'TEST', 'DEBUG': True, 'BASE_DIR': WindowsPath('C:/'), 'DATABASE_DB': 'postgresql', 'DATABASE_DRIVER': 'postgresql+asyncpg', 'DATABASE_POOL_SIZE': 5, 'DATABASE_MAX_OVERFLOW': 10, 'DATABASE_HOST': 'localhost', 'DATABASE_PORT': '5432', 'DATABASE_USER': 'postgres', 'DATABASE_PASSWORD': 'Qwertyboy31', 'DATABASE_FILE_NAME': None, 'DATABASE_NAME': 'openverse_users', 'REDIS_HOST': 'redis', 'REDIS_PORT': 6379, 'REDIS_DB': 0, 'JWT_ALGORITHM': 'HS256', 'OTHER_SERVICES': 'AUTHETICATION, USERS', 'BASE_URL': 'localhost', 'PORT_SERVICE': '8000', 'SESSION_TTL': 3600}
2025-01-22 21:40:30,755 - config - INFO - PROJECT_NAME: TEST
2025-01-22 21:40:30,756 - config - INFO - DEBUG: True
2025-01-22 21:40:30,756 - config - INFO - BASE_DIR: C:\
2025-01-22 21:40:30,756 - config - INFO - DATABASE_DB: postgresql
2025-01-22 21:40:30,756 - config - INFO - DATABASE_DRIVER: postgresql+asyncpg
2025-01-22 21:40:30,756 - config - INFO - DATABASE_POOL_SIZE: 5
2025-01-22 21:40:30,756 - config - INFO - DATABASE_MAX_OVERFLOW: 10
2025-01-22 21:40:30,756 - config - INFO - DATABASE_HOST: localhost
2025-01-22 21:40:30,757 - config - INFO - DATABASE_PORT: 5432
2025-01-22 21:40:30,757 - config - INFO - DATABASE_USER: postgres
2025-01-22 21:40:30,757 - config - INFO - DATABASE_PASSWORD: Qwertyboy31
2025-01-22 21:40:30,758 - config - INFO - DATABASE_FILE_NAME: None
2025-01-22 21:40:30,758 - config - INFO - DATABASE_NAME: openverse_users
2025-01-22 21:40:30,758 - config - INFO - REDIS_HOST: redis
2025-01-22 21:40:30,758 - config - INFO - REDIS_PORT: 6379
2025-01-22 21:40:30,759 - config - INFO - REDIS_DB: 0
2025-01-22 21:40:30,759 - config - INFO - JWT_ALGORITHM: HS256
2025-01-22 21:40:30,759 - config - INFO - OTHER_SERVICES: AUTHETICATION, USERS
2025-01-22 21:40:30,759 - config - INFO - BASE_URL: localhost
2025-01-22 21:40:30,759 - config - INFO - PORT_SERVICE: 8000
2025-01-22 21:40:30,760 - config - INFO - SESSION_TTL: 3600
2025-01-22 22:03:34,053 - config - DEBUG - Get environment variable 'PROJECT_NAME'
2025-01-22 22:03:34,053 - config - DEBUG - Get environment variable 'DEBUG'
2025-01-22 22:03:34,053 - config - DEBUG - Get environment variable 'DATABASE_NAME'
2025-01-22 22:03:34,054 - config - DEBUG - Get environment variable 'DATABASE_DRIVER'
2025-01-22 22:03:34,054 - config - DEBUG - Get environment variable 'DATABASE_HOST'
2025-01-22 22:03:34,054 - config - DEBUG - Get environment variable 'DATABASE_PORT'
2025-01-22 22:03:34,054 - config - DEBUG - Get environment variable 'DATABASE_USER'
2025-01-22 22:03:34,054 - config - DEBUG - Get environment variable 'DATABASE_PASSWORD'
2025-01-22 22:03:34,054 - config - DEBUG - Get environment variable 'DATABASE_FILE_NAME'
2025-01-22 22:03:34,054 - config - DEBUG - Get environment variable 'DATABASE_NAME'
2025-01-22 22:03:34,054 - config - DEBUG - Get environment variable 'REDIS_HOST'
2025-01-22 22:03:34,054 - config - DEBUG - Get environment variable 'REDIS_PORT'
2025-01-22 22:03:34,054 - config - DEBUG - Get environment variable 'REDIS_DB'
2025-01-22 22:03:34,054 - config - DEBUG - Get environment variable 'REDIS_PASSWORD'
2025-01-22 22:03:34,054 - config - DEBUG - Get environment variable 'JWT_ALGORITHM'
2025-01-22 22:03:34,054 - config - DEBUG - Get environment variable 'JWT_SECRET_KEY'
2025-01-22 22:03:34,054 - config - DEBUG - Get environment variable 'OTHER_SERVICES'
2025-01-22 22:03:34,054 - config - DEBUG - Get environment variable 'BASE_URL'
2025-01-22 22:03:34,055 - config - DEBUG - Get environment variable 'PORT_SERVICE'
2025-01-22 22:03:34,066 - config - INFO - Settings: {'PROJECT_NAME': 'TEST', 'DEBUG': True, 'BASE_DIR': WindowsPath('C:/'), 'DATABASE_DB': 'postgresql', 'DATABASE_DRIVER': 'postgresql+asyncpg', 'DATABASE_POOL_SIZE': 5, 'DATABASE_MAX_OVERFLOW': 10, 'DATABASE_HOST': 'localhost', 'DATABASE_PORT': '5432', 'DATABASE_USER': 'postgres', 'DATABASE_PASSWORD': 'Qwertyboy31', 'DATABASE_FILE_NAME': None, 'DATABASE_NAME': 'openverse_users', 'REDIS_HOST': 'redis', 'REDIS_PORT': 6379, 'REDIS_DB': 0, 'JWT_ALGORITHM': 'HS256', 'OTHER_SERVICES': 'AUTHETICATION, USERS', 'BASE_URL': 'localhost', 'PORT_SERVICE': '8000', 'SESSION_TTL': 3600}
2025-01-22 22:03:34,068 - config - INFO - PROJECT_NAME: TEST
2025-01-22 22:03:34,069 - config - INFO - DEBUG: True
2025-01-22 22:03:34,070 - config - INFO - BASE_DIR: C:\
2025-01-22 22:03:34,070 - config - INFO - DATABASE_DB: postgresql
2025-01-22 22:03:34,071 - config - INFO - DATABASE_DRIVER: postgresql+asyncpg
2025-01-22 22:03:34,071 - config - INFO - DATABASE_POOL_SIZE: 5
2025-01-22 22:03:34,071 - config - INFO - DATABASE_MAX_OVERFLOW: 10
2025-01-22 22:03:34,072 - config - INFO - DATABASE_HOST: localhost
2025-01-22 22:03:34,073 - config - INFO - DATABASE_PORT: 5432
2025-01-22 22:03:34,073 - config - INFO - DATABASE_USER: postgres
2025-01-22 22:03:34,073 - config - INFO - DATABASE_PASSWORD: Qwertyboy31
2025-01-22 22:03:34,073 - config - INFO - DATABASE_FILE_NAME: None
2025-01-22 22:03:34,073 - config - INFO - DATABASE_NAME: openverse_users
2025-01-22 22:03:34,075 - config - INFO - REDIS_HOST: redis
2025-01-22 22:03:34,075 - config - INFO - REDIS_PORT: 6379
2025-01-22 22:03:34,075 - config - INFO - REDIS_DB: 0
2025-01-22 22:03:34,076 - config - INFO - JWT_ALGORITHM: HS256
2025-01-22 22:03:34,076 - config - INFO - OTHER_SERVICES: AUTHETICATION, USERS
2025-01-22 22:03:34,077 - config - INFO - BASE_URL: localhost
2025-01-22 22:03:34,077 - config - INFO - PORT_SERVICE: 8000
2025-01-22 22:03:34,078 - config - INFO - SESSION_TTL: 3600
2025-01-22 22:14:19,212 - config - DEBUG - Get environment variable 'PROJECT_NAME'
2025-01-22 22:14:19,212 - config - DEBUG - Get environment variable 'DEBUG'
2025-01-22 22:14:19,212 - config - DEBUG - Get environment variable 'DATABASE_NAME'
2025-01-22 22:14:19,212 - config - DEBUG - Get environment variable 'DATABASE_DRIVER'
2025-01-22 22:14:19,212 - config - DEBUG - Get environment variable 'DATABASE_HOST'
2025-01-22 22:14:19,212 - config - DEBUG - Get environment variable 'DATABASE_PORT'
2025-01-22 22:14:19,212 - config - DEBUG - Get environment variable 'DATABASE_USER'
2025-01-22 22:14:19,212 - config - DEBUG - Get environment variable 'DATABASE_PASSWORD'
2025-01-22 22:14:19,212 - config - DEBUG - Get environment variable 'DATABASE_FILE_NAME'
2025-01-22 22:14:19,212 - config - DEBUG - Get environment variable 'DATABASE_NAME'
2025-01-22 22:14:19,212 - config - DEBUG - Get environment variable 'REDIS_HOST'
2025-01-22 22:14:19,213 - config - DEBUG - Get environment variable 'REDIS_PORT'
2025-01-22 22:14:19,213 - config - DEBUG - Get environment variable 'REDIS_DB'
2025-01-22 22:14:19,213 - config - DEBUG - Get environment variable 'REDIS_PASSWORD'
2025-01-22 22:14:19,213 - config - DEBUG - Get environment variable 'JWT_ALGORITHM'
2025-01-22 22:14:19,213 - config - DEBUG - Get environment variable 'JWT_SECRET_KEY'
2025-01-22 22:14:19,213 - config - DEBUG - Get environment variable 'OTHER_SERVICES'
2025-01-22 22:14:19,213 - config - DEBUG - Get environment variable 'BASE_URL'
2025-01-22 22:14:19,213 - config - DEBUG - Get environment variable 'PORT_SERVICE'
2025-01-22 22:14:19,220 - config - INFO - Settings: {'PROJECT_NAME': 'TEST', 'DEBUG': True, 'BASE_DIR': WindowsPath('C:/'), 'DATABASE_DB': 'postgresql', 'DATABASE_DRIVER': 'postgresql+asyncpg', 'DATABASE_POOL_SIZE': 5, 'DATABASE_MAX_OVERFLOW': 10, 'DATABASE_HOST': 'localhost', 'DATABASE_PORT': '5432', 'DATABASE_USER': 'postgres', 'DATABASE_PASSWORD': 'Qwertyboy31', 'DATABASE_FILE_NAME': None, 'DATABASE_NAME': 'openverse_users', 'REDIS_HOST': 'redis', 'REDIS_PORT': 6379, 'REDIS_DB': 0, 'JWT_ALGORITHM': 'HS256', 'OTHER_SERVICES': 'AUTHETICATION, USERS', 'BASE_URL': 'localhost', 'PORT_SERVICE': '8000', 'SESSION_TTL': 3600}
2025-01-22 22:14:19,221 - config - INFO - PROJECT_NAME: TEST
2025-01-22 22:14:19,221 - config - INFO - DEBUG: True
2025-01-22 22:14:19,221 - config - INFO - BASE_DIR: C:\
2025-01-22 22:14:19,221 - config - INFO - DATABASE_DB: postgresql
2025-01-22 22:14:19,221 - config - INFO - DATABASE_DRIVER: postgresql+asyncpg
2025-01-22 22:14:19,221 - config - INFO - DATABASE_POOL_SIZE: 5
2025-01-22 22:14:19,221 - config - INFO - DATABASE_MAX_OVERFLOW: 10
2025-01-22 22:14:19,221 - config - INFO - DATABASE_HOST: localhost
2025-01-22 22:14:19,221 - config - INFO - DATABASE_PORT: 5432
2025-01-22 22:14:19,221 - config - INFO - DATABASE_USER: postgres
2025-01-22 22:14:19,221 - config - INFO - DATABASE_PASSWORD: Qwertyboy31
2025-01-22 22:14:19,222 - config - INFO - DATABASE_FILE_NAME: None
2025-01-22 22:14:19,222 - config - INFO - DATABASE_NAME: openverse_users
2025-01-22 22:14:19,222 - config - INFO - REDIS_HOST: redis
2025-01-22 22:14:19,222 - config - INFO - REDIS_PORT: 6379
2025-01-22 22:14:19,222 - config - INFO - REDIS_DB: 0
2025-01-22 22:14:19,222 - config - INFO - JWT_ALGORITHM: HS256
2025-01-22 22:14:19,223 - config - INFO - OTHER_SERVICES: AUTHETICATION, USERS
2025-01-22 22:14:19,223 - config - INFO - BASE_URL: localhost
2025-01-22 22:14:19,223 - config - INFO - PORT_SERVICE: 8000
2025-01-22 22:14:19,223 - config - INFO - SESSION_TTL: 3600
2025-01-22 22:15:48,112 - config - DEBUG - Get environment variable 'PROJECT_NAME'
2025-01-22 22:15:48,112 - config - DEBUG - Get environment variable 'DEBUG'
2025-01-22 22:15:48,112 - config - DEBUG - Get environment variable 'DATABASE_NAME'
2025-01-22 22:15:48,112 - config - DEBUG - Get environment variable 'DATABASE_DRIVER'
2025-01-22 22:15:48,112 - config - DEBUG - Get environment variable 'DATABASE_HOST'
2025-01-22 22:15:48,112 - config - DEBUG - Get environment variable 'DATABASE_PORT'
2025-01-22 22:15:48,112 - config - DEBUG - Get environment variable 'DATABASE_USER'
2025-01-22 22:15:48,112 - config - DEBUG - Get environment variable 'DATABASE_PASSWORD'
2025-01-22 22:15:48,112 - config - DEBUG - Get environment variable 'DATABASE_FILE_NAME'
2025-01-22 22:15:48,112 - config - DEBUG - Get environment variable 'DATABASE_NAME'
2025-01-22 22:15:48,112 - config - DEBUG - Get environment variable 'REDIS_HOST'
2025-01-22 22:15:48,112 - config - DEBUG - Get environment variable 'REDIS_PORT'
2025-01-22 22:15:48,112 - config - DEBUG - Get environment variable 'REDIS_DB'
2025-01-22 22:15:48,112 - config - DEBUG - Get environment variable 'REDIS_PASSWORD'
2025-01-22 22:15:48,112 - config - DEBUG - Get environment variable 'JWT_ALGORITHM'
2025-01-22 22:15:48,112 - config - DEBUG - Get environment variable 'JWT_SECRET_KEY'
2025-01-22 22:15:48,112 - config - DEBUG - Get environment variable 'OTHER_SERVICES'
2025-01-22 22:15:48,112 - config - DEBUG - Get environment variable 'BASE_URL'
2025-01-22 22:15:48,112 - config - DEBUG - Get environment variable 'PORT_SERVICE'
2025-01-22 22:15:48,119 - config - INFO - Settings: {'PROJECT_NAME': 'TEST', 'DEBUG': True, 'BASE_DIR': WindowsPath('C:/'), 'DATABASE_DB': 'postgresql', 'DATABASE_DRIVER': 'postgresql+asyncpg', 'DATABASE_POOL_SIZE': 5, 'DATABASE_MAX_OVERFLOW': 10, 'DATABASE_HOST': 'localhost', 'DATABASE_PORT': '5432', 'DATABASE_USER': 'postgres', 'DATABASE_PASSWORD': 'Qwertyboy31', 'DATABASE_FILE_NAME': None, 'DATABASE_NAME': 'openverse_users', 'REDIS_HOST': 'redis', 'REDIS_PORT': 6379, 'REDIS_DB': 0, 'JWT_ALGORITHM': 'HS256', 'OTHER_SERVICES': 'AUTHETICATION, USERS', 'BASE_URL': 'localhost', 'PORT_SERVICE': '8000', 'SESSION_TTL': 3600}
2025-01-22 22:15:48,119 - config - INFO - PROJECT_NAME: TEST
2025-01-22 22:15:48,119 - config - INFO - DEBUG: True
2025-01-22 22:15:48,119 - config - INFO - BASE_DIR: C:\
2025-01-22 22:15:48,119 - config - INFO - DATABASE_DB: postgresql
2025-01-22 22:15:48,119 - config - INFO - DATABASE_DRIVER: postgresql+asyncpg
2025-01-22 22:15:48,121 - config - INFO - DATABASE_POOL_SIZE: 5
2025-01-22 22:15:48,121 - config - INFO - DATABASE_MAX_OVERFLOW: 10
2025-01-22 22:15:48,121 - config - INFO - DATABASE_HOST: localhost
2025-01-22 22:15:48,121 - config - INFO - DATABASE_PORT: 5432
2025-01-22 22:15:48,121 - config - INFO - DATABASE_USER: postgres
2025-01-22 22:15:48,121 - config - INFO - DATABASE_PASSWORD: Qwertyboy31
2025-01-22 22:15:48,121 - config - INFO - DATABASE_FILE_NAME: None
2025-01-22 22:15:48,122 - config - INFO - DATABASE_NAME: openverse_users
2025-01-22 22:15:48,122 - config - INFO - REDIS_HOST: redis
2025-01-22 22:15:48,122 - config - INFO - REDIS_PORT: 6379
2025-01-22 22:15:48,122 - config - INFO - REDIS_DB: 0
2025-01-22 22:15:48,122 - config - INFO - JWT_ALGORITHM: HS256
2025-01-22 22:15:48,123 - config - INFO - OTHER_SERVICES: AUTHETICATION, USERS
2025-01-22 22:15:48,123 - config - INFO - BASE_URL: localhost
2025-01-22 22:15:48,123 - config - INFO - PORT_SERVICE: 8000
2025-01-22 22:15:48,123 - config - INFO - SESSION_TTL: 3600
